<?xml version="1.0" encoding="UTF-8"?>
<!-- Generated by org.testng.reporters.JUnitReportReporter -->
<testsuite hostname="LIN51013488" failures="0" tests="6" name="api.TestCases.UserTestDataDriven" time="13.428" errors="0" timestamp="2024-07-07T23:29:48 IST" skipped="0">
  <testcase classname="api.TestCases.UserTestDataDriven" name="createUserTest" time="2.679"/>
  <testcase classname="api.TestCases.UserTestDataDriven" name="createUserTest" time="1.283"/>
  <testcase classname="api.TestCases.UserTestDataDriven" name="createUserTest" time="4.942"/>
  <testcase classname="api.TestCases.UserTestDataDriven" name="deleteUserTest" time="1.477"/>
  <testcase classname="api.TestCases.UserTestDataDriven" name="deleteUserTest" time="1.514"/>
  <testcase classname="api.TestCases.UserTestDataDriven" name="deleteUserTest" time="1.533"/>
</testsuite> <!-- api.TestCases.UserTestDataDriven -->
