<?xml version="1.0" encoding="UTF-8"?>
<!-- Generated by org.testng.reporters.JUnitReportReporter -->
<testsuite hostname="LIN51013488" failures="0" tests="6" name="api.TestCases.UserTestDataDriven" time="13.516" errors="0" timestamp="2024-07-08T23:24:40 IST" skipped="0">
  <testcase classname="api.TestCases.UserTestDataDriven" name="createUserTest" time="5.148"/>
  <testcase classname="api.TestCases.UserTestDataDriven" name="createUserTest" time="1.630"/>
  <testcase classname="api.TestCases.UserTestDataDriven" name="createUserTest" time="2.069"/>
  <testcase classname="api.TestCases.UserTestDataDriven" name="deleteUserTest" time="1.600"/>
  <testcase classname="api.TestCases.UserTestDataDriven" name="deleteUserTest" time="1.532"/>
  <testcase classname="api.TestCases.UserTestDataDriven" name="deleteUserTest" time="1.537"/>
</testsuite> <!-- api.TestCases.UserTestDataDriven -->
